
*** Running vivado
    with args -log BoardMap.vds -m64 -product Vivado -mode batch -messageDb vivado.pb -notrace -source BoardMap.tcl


****** Vivado v2017.4 (64-bit)
  **** SW Build 2086221 on Fri Dec 15 20:55:39 MST 2017
  **** IP Build 2085800 on Fri Dec 15 22:25:07 MST 2017
    ** Copyright 1986-2017 Xilinx, Inc. All Rights Reserved.

Sourcing tcl script 'C:/Users/dslog/AppData/Roaming/Xilinx/Vivado/Vivado_init.tcl'
source BoardMap.tcl -notrace
Command: synth_design -top BoardMap -part xc7a35tcpg236-1
Starting synth_design
Attempting to get a license for feature 'Synthesis' and/or device 'xc7a35t'
INFO: [Common 17-349] Got license for feature 'Synthesis' and/or device 'xc7a35t'
INFO: Launching helper process for spawning children vivado processes
INFO: Helper process launched with PID 15148 
---------------------------------------------------------------------------------
Starting RTL Elaboration : Time (s): cpu = 00:00:09 ; elapsed = 00:00:09 . Memory (MB): peak = 364.117 ; gain = 98.598
---------------------------------------------------------------------------------
INFO: [Synth 8-638] synthesizing module 'BoardMap' [C:/Users/dslog/Documents/College/3C7/3C7-Lab-F/Lab-F-LFSR.srcs/sources_1/new/BoardMap.v:3]
INFO: [Synth 8-638] synthesizing module 'ClockDivider' [C:/Users/dslog/Documents/College/3C7/3C7-Lab-F/Lab-F-LFSR.srcs/sources_1/new/ClockDivider.v:3]
INFO: [Synth 8-256] done synthesizing module 'ClockDivider' (1#1) [C:/Users/dslog/Documents/College/3C7/3C7-Lab-F/Lab-F-LFSR.srcs/sources_1/new/ClockDivider.v:3]
INFO: [Synth 8-638] synthesizing module 'LFSR' [C:/Users/dslog/Documents/College/3C7/3C7-Lab-F/Lab-F-LFSR.srcs/sources_1/new/LFSR.v:3]
	Parameter SEED bound to: 10'b1000000000 
INFO: [Synth 8-256] done synthesizing module 'LFSR' (2#1) [C:/Users/dslog/Documents/College/3C7/3C7-Lab-F/Lab-F-LFSR.srcs/sources_1/new/LFSR.v:3]
INFO: [Synth 8-256] done synthesizing module 'BoardMap' (3#1) [C:/Users/dslog/Documents/College/3C7/3C7-Lab-F/Lab-F-LFSR.srcs/sources_1/new/BoardMap.v:3]
WARNING: [Synth 8-3331] design BoardMap has unconnected port LED[14]
WARNING: [Synth 8-3331] design BoardMap has unconnected port LED[13]
WARNING: [Synth 8-3331] design BoardMap has unconnected port LED[12]
WARNING: [Synth 8-3331] design BoardMap has unconnected port LED[11]
WARNING: [Synth 8-3331] design BoardMap has unconnected port LED[10]
---------------------------------------------------------------------------------
Finished RTL Elaboration : Time (s): cpu = 00:00:10 ; elapsed = 00:00:10 . Memory (MB): peak = 415.297 ; gain = 149.777
---------------------------------------------------------------------------------

Report Check Netlist: 
+------+------------------+-------+---------+-------+------------------+
|      |Item              |Errors |Warnings |Status |Description       |
+------+------------------+-------+---------+-------+------------------+
|1     |multi_driven_nets |      0|        0|Passed |Multi driven nets |
+------+------------------+-------+---------+-------+------------------+
---------------------------------------------------------------------------------
Finished RTL Optimization Phase 1 : Time (s): cpu = 00:00:10 ; elapsed = 00:00:11 . Memory (MB): peak = 415.297 ; gain = 149.777
---------------------------------------------------------------------------------
INFO: [Device 21-403] Loading part xc7a35tcpg236-1
INFO: [Project 1-570] Preparing netlist for logic optimization

Processing XDC Constraints
Initializing timing engine
Parsing XDC File [C:/Users/dslog/Documents/College/3C7/3C7-Lab-F/Basys3.xdc]
Finished Parsing XDC File [C:/Users/dslog/Documents/College/3C7/3C7-Lab-F/Basys3.xdc]
INFO: [Project 1-236] Implementation specific constraints were found while reading constraint file [C:/Users/dslog/Documents/College/3C7/3C7-Lab-F/Basys3.xdc]. These constraints will be ignored for synthesis but will be used in implementation. Impacted constraints are listed in the file [.Xil/BoardMap_propImpl.xdc].
Resolution: To avoid this warning, move constraints listed in [.Xil/BoardMap_propImpl.xdc] to another XDC file and exclude this new file from synthesis with the used_in_synthesis property (File Properties dialog in GUI) and re-run elaboration/synthesis.
Completed Processing XDC Constraints

INFO: [Project 1-111] Unisim Transformation Summary:
No Unisim elements were transformed.

Constraint Validation Runtime : Time (s): cpu = 00:00:00 ; elapsed = 00:00:00.015 . Memory (MB): peak = 735.957 ; gain = 0.000
---------------------------------------------------------------------------------
Finished Constraint Validation : Time (s): cpu = 00:00:28 ; elapsed = 00:00:31 . Memory (MB): peak = 735.957 ; gain = 470.438
---------------------------------------------------------------------------------
---------------------------------------------------------------------------------
Start Loading Part and Timing Information
---------------------------------------------------------------------------------
Loading part: xc7a35tcpg236-1
---------------------------------------------------------------------------------
Finished Loading Part and Timing Information : Time (s): cpu = 00:00:28 ; elapsed = 00:00:31 . Memory (MB): peak = 735.957 ; gain = 470.438
---------------------------------------------------------------------------------
---------------------------------------------------------------------------------
Start Applying 'set_property' XDC Constraints
---------------------------------------------------------------------------------
---------------------------------------------------------------------------------
Finished applying 'set_property' XDC Constraints : Time (s): cpu = 00:00:28 ; elapsed = 00:00:31 . Memory (MB): peak = 735.957 ; gain = 470.438
---------------------------------------------------------------------------------
WARNING: [Synth 8-6014] Unused sequential element clkq_reg was removed.  [C:/Users/dslog/Documents/College/3C7/3C7-Lab-F/Lab-F-LFSR.srcs/sources_1/new/ClockDivider.v:13]
---------------------------------------------------------------------------------
Finished RTL Optimization Phase 2 : Time (s): cpu = 00:00:28 ; elapsed = 00:00:31 . Memory (MB): peak = 735.957 ; gain = 470.438
---------------------------------------------------------------------------------

Report RTL Partitions: 
+-+--------------+------------+----------+
| |RTL Partition |Replication |Instances |
+-+--------------+------------+----------+
+-+--------------+------------+----------+
---------------------------------------------------------------------------------
Start RTL Component Statistics 
---------------------------------------------------------------------------------
Detailed RTL Component Info : 
+---Adders : 
	   2 Input     32 Bit       Adders := 1     
+---XORs : 
	   2 Input      1 Bit         XORs := 1     
+---Registers : 
	               10 Bit    Registers := 1     
	                1 Bit    Registers := 2     
---------------------------------------------------------------------------------
Finished RTL Component Statistics 
---------------------------------------------------------------------------------
---------------------------------------------------------------------------------
Start RTL Hierarchical Component Statistics 
---------------------------------------------------------------------------------
Hierarchical RTL Component report 
Module ClockDivider 
Detailed RTL Component Info : 
+---Adders : 
	   2 Input     32 Bit       Adders := 1     
+---Registers : 
	                1 Bit    Registers := 1     
Module LFSR 
Detailed RTL Component Info : 
+---XORs : 
	   2 Input      1 Bit         XORs := 1     
+---Registers : 
	               10 Bit    Registers := 1     
	                1 Bit    Registers := 1     
---------------------------------------------------------------------------------
Finished RTL Hierarchical Component Statistics
---------------------------------------------------------------------------------
---------------------------------------------------------------------------------
Start Part Resource Summary
---------------------------------------------------------------------------------
Part Resources:
DSPs: 90 (col length:60)
BRAMs: 100 (col length: RAMB18 60 RAMB36 30)
---------------------------------------------------------------------------------
Finished Part Resource Summary
---------------------------------------------------------------------------------
---------------------------------------------------------------------------------
Start Cross Boundary and Area Optimization
---------------------------------------------------------------------------------
WARNING: [Synth 8-6014] Unused sequential element clkdiv/clkq_reg was removed.  [C:/Users/dslog/Documents/College/3C7/3C7-Lab-F/Lab-F-LFSR.srcs/sources_1/new/ClockDivider.v:13]
WARNING: [Synth 8-3331] design BoardMap has unconnected port LED[14]
WARNING: [Synth 8-3331] design BoardMap has unconnected port LED[13]
WARNING: [Synth 8-3331] design BoardMap has unconnected port LED[12]
WARNING: [Synth 8-3331] design BoardMap has unconnected port LED[11]
WARNING: [Synth 8-3331] design BoardMap has unconnected port LED[10]
---------------------------------------------------------------------------------
Finished Cross Boundary and Area Optimization : Time (s): cpu = 00:00:29 ; elapsed = 00:00:33 . Memory (MB): peak = 735.957 ; gain = 470.438
---------------------------------------------------------------------------------

Report RTL Partitions: 
+-+--------------+------------+----------+
| |RTL Partition |Replication |Instances |
+-+--------------+------------+----------+
+-+--------------+------------+----------+
---------------------------------------------------------------------------------
Start Applying XDC Timing Constraints
---------------------------------------------------------------------------------
---------------------------------------------------------------------------------
Finished Applying XDC Timing Constraints : Time (s): cpu = 00:00:44 ; elapsed = 00:00:47 . Memory (MB): peak = 742.172 ; gain = 476.652
---------------------------------------------------------------------------------
---------------------------------------------------------------------------------
Start Timing Optimization
---------------------------------------------------------------------------------
---------------------------------------------------------------------------------
Finished Timing Optimization : Time (s): cpu = 00:00:44 ; elapsed = 00:00:47 . Memory (MB): peak = 761.387 ; gain = 495.867
---------------------------------------------------------------------------------

Report RTL Partitions: 
+-+--------------+------------+----------+
| |RTL Partition |Replication |Instances |
+-+--------------+------------+----------+
+-+--------------+------------+----------+
---------------------------------------------------------------------------------
Start Technology Mapping
---------------------------------------------------------------------------------
---------------------------------------------------------------------------------
Finished Technology Mapping : Time (s): cpu = 00:00:44 ; elapsed = 00:00:47 . Memory (MB): peak = 762.152 ; gain = 496.633
---------------------------------------------------------------------------------

Report RTL Partitions: 
+-+--------------+------------+----------+
| |RTL Partition |Replication |Instances |
+-+--------------+------------+----------+
+-+--------------+------------+----------+
---------------------------------------------------------------------------------
Start IO Insertion
---------------------------------------------------------------------------------
---------------------------------------------------------------------------------
Start Flattening Before IO Insertion
---------------------------------------------------------------------------------
---------------------------------------------------------------------------------
Finished Flattening Before IO Insertion
---------------------------------------------------------------------------------
---------------------------------------------------------------------------------
Start Final Netlist Cleanup
---------------------------------------------------------------------------------
---------------------------------------------------------------------------------
Finished Final Netlist Cleanup
---------------------------------------------------------------------------------
---------------------------------------------------------------------------------
Finished IO Insertion : Time (s): cpu = 00:00:45 ; elapsed = 00:00:49 . Memory (MB): peak = 762.152 ; gain = 496.633
---------------------------------------------------------------------------------

Report Check Netlist: 
+------+------------------+-------+---------+-------+------------------+
|      |Item              |Errors |Warnings |Status |Description       |
+------+------------------+-------+---------+-------+------------------+
|1     |multi_driven_nets |      0|        0|Passed |Multi driven nets |
+------+------------------+-------+---------+-------+------------------+
---------------------------------------------------------------------------------
Start Renaming Generated Instances
---------------------------------------------------------------------------------
---------------------------------------------------------------------------------
Finished Renaming Generated Instances : Time (s): cpu = 00:00:45 ; elapsed = 00:00:49 . Memory (MB): peak = 762.152 ; gain = 496.633
---------------------------------------------------------------------------------

Report RTL Partitions: 
+-+--------------+------------+----------+
| |RTL Partition |Replication |Instances |
+-+--------------+------------+----------+
+-+--------------+------------+----------+
---------------------------------------------------------------------------------
Start Rebuilding User Hierarchy
---------------------------------------------------------------------------------
---------------------------------------------------------------------------------
Finished Rebuilding User Hierarchy : Time (s): cpu = 00:00:45 ; elapsed = 00:00:49 . Memory (MB): peak = 762.152 ; gain = 496.633
---------------------------------------------------------------------------------
---------------------------------------------------------------------------------
Start Renaming Generated Ports
---------------------------------------------------------------------------------
---------------------------------------------------------------------------------
Finished Renaming Generated Ports : Time (s): cpu = 00:00:45 ; elapsed = 00:00:49 . Memory (MB): peak = 762.152 ; gain = 496.633
---------------------------------------------------------------------------------
---------------------------------------------------------------------------------
Start Handling Custom Attributes
---------------------------------------------------------------------------------
---------------------------------------------------------------------------------
Finished Handling Custom Attributes : Time (s): cpu = 00:00:45 ; elapsed = 00:00:49 . Memory (MB): peak = 762.152 ; gain = 496.633
---------------------------------------------------------------------------------
---------------------------------------------------------------------------------
Start Renaming Generated Nets
---------------------------------------------------------------------------------
---------------------------------------------------------------------------------
Finished Renaming Generated Nets : Time (s): cpu = 00:00:45 ; elapsed = 00:00:49 . Memory (MB): peak = 762.152 ; gain = 496.633
---------------------------------------------------------------------------------
---------------------------------------------------------------------------------
Start Writing Synthesis Report
---------------------------------------------------------------------------------

Report BlackBoxes: 
+-+--------------+----------+
| |BlackBox name |Instances |
+-+--------------+----------+
+-+--------------+----------+

Report Cell Usage: 
+------+-------+------+
|      |Cell   |Count |
+------+-------+------+
|1     |BUFG   |     1|
|2     |CARRY4 |    16|
|3     |LUT1   |     1|
|4     |LUT2   |     3|
|5     |LUT3   |     1|
|6     |LUT5   |     3|
|7     |LUT6   |     4|
|8     |FDCE   |     9|
|9     |FDPE   |     1|
|10    |FDRE   |    34|
|11    |IBUF   |     2|
|12    |OBUF   |    11|
|13    |OBUFT  |     5|
+------+-------+------+

Report Instance Areas: 
+------+-----------+-------------+------+
|      |Instance   |Module       |Cells |
+------+-----------+-------------+------+
|1     |top        |             |    91|
|2     |  clkdiv   |ClockDivider |    58|
|3     |  shiftreg |LFSR         |    14|
+------+-----------+-------------+------+
---------------------------------------------------------------------------------
Finished Writing Synthesis Report : Time (s): cpu = 00:00:45 ; elapsed = 00:00:49 . Memory (MB): peak = 762.152 ; gain = 496.633
---------------------------------------------------------------------------------
Synthesis finished with 0 errors, 0 critical warnings and 7 warnings.
Synthesis Optimization Runtime : Time (s): cpu = 00:00:25 ; elapsed = 00:00:37 . Memory (MB): peak = 762.152 ; gain = 175.973
Synthesis Optimization Complete : Time (s): cpu = 00:00:45 ; elapsed = 00:00:49 . Memory (MB): peak = 762.152 ; gain = 496.633
INFO: [Project 1-571] Translating synthesized netlist
INFO: [Netlist 29-17] Analyzing 18 Unisim elements for replacement
INFO: [Netlist 29-28] Unisim Transformation completed in 0 CPU seconds
INFO: [Project 1-570] Preparing netlist for logic optimization
INFO: [Opt 31-138] Pushed 0 inverter(s) to 0 load pin(s).
INFO: [Project 1-111] Unisim Transformation Summary:
No Unisim elements were transformed.

INFO: [Common 17-83] Releasing license: Synthesis
18 Infos, 12 Warnings, 0 Critical Warnings and 0 Errors encountered.
synth_design completed successfully
synth_design: Time (s): cpu = 00:00:48 ; elapsed = 00:00:53 . Memory (MB): peak = 762.152 ; gain = 508.105
INFO: [Common 17-1381] The checkpoint 'C:/Users/dslog/Documents/College/3C7/3C7-Lab-F/Lab-F-LFSR.runs/synth_1/BoardMap.dcp' has been generated.
INFO: [runtcl-4] Executing : report_utilization -file BoardMap_utilization_synth.rpt -pb BoardMap_utilization_synth.pb
report_utilization: Time (s): cpu = 00:00:00 ; elapsed = 00:00:00.074 . Memory (MB): peak = 762.152 ; gain = 0.000
INFO: [Common 17-206] Exiting Vivado at Wed Mar 20 11:32:22 2019...
